00:11:34 - [INFO] - ==========================================
00:11:34 - [INFO] -    STARTING TOEIC OMR SCORING APP v2.2    
00:11:34 - [INFO] - ==========================================
00:11:34 - [DEBUG] - Loaded JSON successfully: app_config.json
00:11:34 - [DEBUG] - Loaded JSON successfully: key.json
00:11:34 - [DEBUG] - Loaded JSON successfully: scoring_ref.json
00:11:34 - [DEBUG] - FormStateManager initialized.
00:11:34 - [INFO] - UI initialized successfully. Entering main loop.
00:11:49 - [DEBUG] - User selected set: 'ETS 2024'
00:11:49 - [DEBUG] - State changed: set_name = ETS 2024
00:11:53 - [DEBUG] - State changed: test_id = 9
00:11:53 - [INFO] - Answer Key found for ETS 2024 - 9
00:11:58 - [DEBUG] - State changed: class_name = NT400
00:11:58 - [INFO] - Answer Key found for ETS 2024 - 9
00:12:02 - [INFO] - Answer Key found for ETS 2024 - 9
00:12:02 - [DEBUG] - State changed: test_date = 2025-12-25
00:12:02 - [INFO] - Answer Key found for ETS 2024 - 9
00:12:02 - [INFO] - Answer Key found for ETS 2024 - 9
00:12:02 - [INFO] - Form validation passed. Ready to score.
00:12:02 - [INFO] - Answer Key found for ETS 2024 - 9
00:12:02 - [DEBUG] - WarpingProcessor initialized with config.
00:12:02 - [DEBUG] - OMREngine initialized.
00:12:02 - [DEBUG] - GradeManager initialized for Test ID: 9 (Length: 200)
00:12:02 - [INFO] - Worker started. Processing 4 files...
00:12:02 - [DEBUG] - [1/4] Processing: Hoàng Anh Quý.jpg
00:12:02 - [INFO] - Processing image for warping. Input size: 4080x3060
00:12:02 - [DEBUG] - Markers ordered successfully. Centers: [106 296], [3933  336], ...
00:12:02 - [INFO] - Warping completed successfully.
00:12:02 - [INFO] - OMR Success. Answers: 200 | Avg Conf: 0.89 | Min Conf: 0.24
00:12:02 - [INFO] - Grading finished. Score: 305 (LC: 150, RC: 155)
00:12:02 - [DEBUG] - Saved result image: Hoàng Anh Quý.png
00:12:02 - [DEBUG] - [2/4] Processing: Ngô Khải Như Ý.jpg
00:12:02 - [INFO] - Processing image for warping. Input size: 4080x3060
00:12:03 - [DEBUG] - Markers ordered successfully. Centers: [172 342], [3938  320], ...
00:12:03 - [INFO] - Warping completed successfully.
00:12:03 - [INFO] - OMR Success. Answers: 200 | Avg Conf: 0.91 | Min Conf: 0.22
00:12:03 - [INFO] - Grading finished. Score: 485 (LC: 275, RC: 210)
00:12:03 - [DEBUG] - Saved result image: Ngô Khải Như Ý.png
00:12:03 - [DEBUG] - [3/4] Processing: Nguyễn Duy Bảo.jpg
00:12:03 - [INFO] - Processing image for warping. Input size: 4080x3060
00:12:03 - [DEBUG] - Markers ordered successfully. Centers: [111 357], [3971  390], ...
00:12:03 - [INFO] - Warping completed successfully.
00:12:03 - [INFO] - OMR Success. Answers: 200 | Avg Conf: 0.91 | Min Conf: 0.76
00:12:03 - [INFO] - Grading finished. Score: 340 (LC: 185, RC: 155)
00:12:03 - [DEBUG] - Saved result image: Nguyễn Duy Bảo.png
00:12:03 - [DEBUG] - [4/4] Processing: Trần Thị Kim Chi.jpg
00:12:03 - [INFO] - Processing image for warping. Input size: 4080x3060
00:12:04 - [DEBUG] - Markers ordered successfully. Centers: [173 358], [3933  368], ...
00:12:04 - [INFO] - Warping completed successfully.
00:12:04 - [INFO] - OMR Success. Answers: 200 | Avg Conf: 0.93 | Min Conf: 0.72
00:12:04 - [INFO] - Grading finished. Score: 450 (LC: 240, RC: 210)
00:12:04 - [DEBUG] - Saved result image: Trần Thị Kim Chi.png
00:12:04 - [INFO] - Worker finished. Success: 4/4. Time: 2.16s
00:12:04 - [INFO] - Answer Key found for ETS 2024 - 9
00:12:08 - [INFO] - Answer Key found for ETS 2024 - 9
00:12:08 - [DEBUG] - Loaded JSON successfully: app_config.json
00:12:52 - [DEBUG] - Loaded JSON successfully: app_config.json
00:12:59 - [DEBUG] - Loaded JSON successfully: app_config.json
00:13:07 - [DEBUG] - Loaded JSON successfully: app_config.json
00:13:32 - [INFO] - Application closed by user.
00:13:32 - [INFO] - Application Process Terminated.
