17:46:48 - [INFO] - ==========================================
17:46:48 - [INFO] -    STARTING TOEIC OMR SCORING APP v2.2    
17:46:48 - [INFO] - ==========================================
17:46:48 - [DEBUG] - Loaded JSON successfully: app_config.json
17:46:48 - [DEBUG] - Loaded JSON successfully: key.json
17:46:48 - [DEBUG] - Loaded JSON successfully: scoring_ref.json
17:46:48 - [DEBUG] - FormStateManager initialized.
17:46:49 - [INFO] - UI initialized successfully. Entering main loop.
17:46:54 - [DEBUG] - User selected set: 'ETS 2026'
17:46:54 - [DEBUG] - State changed: set_name = ETS 2026
17:46:56 - [DEBUG] - State changed: test_id = 6
17:46:56 - [INFO] - Answer Key found for ETS 2026 - 6
17:47:03 - [DEBUG] - State changed: class_name = LDCB
17:47:03 - [INFO] - Answer Key found for ETS 2026 - 6
17:47:05 - [INFO] - Answer Key found for ETS 2026 - 6
17:47:06 - [INFO] - Answer Key found for ETS 2026 - 6
17:47:06 - [INFO] - Answer Key found for ETS 2026 - 6
17:47:06 - [INFO] - Answer Key found for ETS 2026 - 6
17:47:06 - [INFO] - Auto-set date to today: 2026-04-04
17:47:06 - [INFO] - Form validation passed. Ready to score.
17:47:06 - [INFO] - Answer Key found for ETS 2026 - 6
17:47:06 - [DEBUG] - WarpingProcessor initialized with config.
17:47:06 - [DEBUG] - OMREngine initialized.
17:47:06 - [DEBUG] - GradeManager initialized for Test ID: 6 (Length: 200)
17:47:06 - [INFO] - Worker started. Processing 1 files...
17:47:06 - [DEBUG] - [1/1] Processing: Nguyễn Quang Huy Hoàng.jpg
17:47:06 - [INFO] - Processing image for warping. Input size: 4080x3060
17:47:06 - [DEBUG] - Markers ordered successfully. Centers: [157 367], [3899  358], ...
17:47:06 - [INFO] - Warping completed successfully.
17:47:06 - [ERROR] - Error in OMR Processing: ❌ LỖI TEMPLATE: Biên trên tìm thấy 5 bubble. YÊU CẦU 9.
17:47:06 - [ERROR] - Error processing Nguyễn Quang Huy Hoàng.jpg: ❌ LỖI TEMPLATE: Biên trên tìm thấy 5 bubble. YÊU CẦU 9.
17:47:06 - [INFO] - Worker finished. Success: 0/1. Time: 0.43s
17:47:06 - [INFO] - Answer Key found for ETS 2026 - 6
17:47:09 - [INFO] - Answer Key found for ETS 2026 - 6
17:47:59 - [DEBUG] - State changed: image_files = []
17:47:59 - [INFO] - Answer Key found for ETS 2026 - 6
17:47:59 - [INFO] - Answer Key found for ETS 2026 - 6
17:48:02 - [INFO] - Answer Key found for ETS 2026 - 6
17:48:03 - [INFO] - Answer Key found for ETS 2026 - 6
17:48:03 - [DEBUG] - State changed: test_date = Test Date (YYYY-MM-DD)
17:48:03 - [INFO] - Answer Key found for ETS 2026 - 6
17:48:03 - [INFO] - Answer Key found for ETS 2026 - 6
17:48:03 - [INFO] - Auto-set date to today: 2026-04-04
17:48:03 - [INFO] - Form validation passed. Ready to score.
17:48:03 - [INFO] - Answer Key found for ETS 2026 - 6
17:48:03 - [DEBUG] - WarpingProcessor initialized with config.
17:48:03 - [DEBUG] - OMREngine initialized.
17:48:03 - [DEBUG] - GradeManager initialized for Test ID: 6 (Length: 200)
17:48:03 - [INFO] - Worker started. Processing 1 files...
17:48:03 - [DEBUG] - [1/1] Processing: Nguyễn Quang Huy Hoàng.jpg
17:48:03 - [INFO] - Processing image for warping. Input size: 4080x3060
17:48:03 - [DEBUG] - Markers ordered successfully. Centers: [157 367], [3899  357], ...
17:48:03 - [INFO] - Warping completed successfully.
17:48:03 - [INFO] - OMR Success. Answers: 200 | Avg Conf: 0.94 | Min Conf: 0.01
17:48:03 - [INFO] - Grading finished. Score: 655 (LC: 385, RC: 270)
17:48:03 - [DEBUG] - Saved result image: Nguyễn Quang Huy Hoàng.png
17:48:03 - [INFO] - Worker finished. Success: 1/1. Time: 0.47s
17:48:06 - [DEBUG] - Loaded JSON successfully: app_config.json
17:48:35 - [DEBUG] - GradeManager initialized for Test ID: 6 (Length: 200)
17:48:35 - [INFO] - Grading finished. Score: 650 (LC: 380, RC: 270)
17:48:35 - [INFO] - Updated score for: Nguyễn Quang Huy Hoàng
17:48:41 - [INFO] - Updated Master Data: data\master.csv
17:49:58 - [INFO] - Application closed by user.
17:49:58 - [INFO] - Application Process Terminated.
