19:04:40 - [INFO] - ==========================================
19:04:40 - [INFO] -    STARTING TOEIC OMR SCORING APP v2.2    
19:04:40 - [INFO] - ==========================================
19:04:40 - [DEBUG] - Loaded JSON successfully: app_config.json
19:04:40 - [DEBUG] - Loaded JSON successfully: key.json
19:04:40 - [DEBUG] - Loaded JSON successfully: scoring_ref.json
19:04:40 - [DEBUG] - FormStateManager initialized.
19:04:41 - [INFO] - UI initialized successfully. Entering main loop.
19:04:45 - [DEBUG] - User selected set: 'ETS 2023'
19:04:45 - [DEBUG] - State changed: set_name = ETS 2023
19:04:47 - [DEBUG] - State changed: test_id = 7
19:04:47 - [INFO] - Answer Key found for ETS 2023 - 7
19:04:50 - [DEBUG] - State changed: class_name = 1v1
19:04:50 - [INFO] - Answer Key found for ETS 2023 - 7
19:04:50 - [INFO] - Answer Key found for ETS 2023 - 7
19:04:50 - [INFO] - Answer Key found for ETS 2023 - 7
19:04:50 - [INFO] - Auto-set date to today: 2026-02-06
19:04:50 - [INFO] - Form validation passed. Ready to score.
19:04:50 - [INFO] - Answer Key found for ETS 2023 - 7
19:04:50 - [DEBUG] - WarpingProcessor initialized with config.
19:04:50 - [DEBUG] - OMREngine initialized.
19:04:50 - [DEBUG] - GradeManager initialized for Test ID: 7 (Length: 200)
19:04:50 - [INFO] - Worker started. Processing 1 files...
19:04:50 - [DEBUG] - [1/1] Processing: 197330542597117013.jpg
19:04:50 - [INFO] - Processing image for warping. Input size: 1536x1044
19:04:50 - [DEBUG] - Markers ordered successfully. Centers: [66 60], [1483   45], ...
19:04:50 - [INFO] - Warping completed successfully.
19:04:50 - [INFO] - OMR Success. Answers: 200 | Avg Conf: 0.92 | Min Conf: 0.39
19:04:50 - [INFO] - Grading finished. Score: 880 (LC: 450, RC: 430)
19:04:50 - [DEBUG] - Saved result image: 197330542597117013.png
19:04:50 - [INFO] - Worker finished. Success: 1/1. Time: 0.15s
19:04:50 - [INFO] - Answer Key found for ETS 2023 - 7
19:04:53 - [INFO] - Answer Key found for ETS 2023 - 7
19:04:53 - [DEBUG] - Loaded JSON successfully: app_config.json
19:05:16 - [DEBUG] - Loaded JSON successfully: app_config.json
19:05:20 - [DEBUG] - Loaded JSON successfully: app_config.json
19:05:25 - [DEBUG] - Loaded JSON successfully: app_config.json
19:30:04 - [DEBUG] - GradeManager initialized for Test ID: 7 (Length: 200)
19:30:04 - [INFO] - Grading finished. Score: 880 (LC: 450, RC: 430)
19:30:04 - [INFO] - Updated score for: 197330542597117013
19:30:14 - [INFO] - Application closed by user.
19:30:14 - [INFO] - Application Process Terminated.
