19:39:41 - [INFO] - ==========================================
19:39:41 - [INFO] -    STARTING TOEIC OMR SCORING APP v2.2    
19:39:41 - [INFO] - ==========================================
19:39:41 - [DEBUG] - Loaded JSON successfully: app_config.json
19:39:41 - [DEBUG] - Loaded JSON successfully: key.json
19:39:41 - [DEBUG] - Loaded JSON successfully: scoring_ref.json
19:39:41 - [DEBUG] - FormStateManager initialized.
19:39:42 - [INFO] - UI initialized successfully. Entering main loop.
19:41:05 - [DEBUG] - User selected set: 'ETS 2026'
19:41:05 - [DEBUG] - State changed: set_name = ETS 2026
19:41:07 - [DEBUG] - State changed: test_id = 6
19:41:07 - [INFO] - Answer Key found for ETS 2026 - 6
19:41:08 - [INFO] - Answer Key found for ETS 2026 - 6
19:41:13 - [DEBUG] - State changed: class_name = MockTest
19:41:13 - [INFO] - Answer Key found for ETS 2026 - 6
19:41:20 - [INFO] - Answer Key found for ETS 2026 - 6
19:41:20 - [DEBUG] - State changed: test_date = 2026-03-22
19:41:20 - [INFO] - Answer Key found for ETS 2026 - 6
19:41:20 - [INFO] - Answer Key found for ETS 2026 - 6
19:41:20 - [INFO] - Form validation passed. Ready to score.
19:41:20 - [INFO] - Answer Key found for ETS 2026 - 6
19:41:20 - [DEBUG] - WarpingProcessor initialized with config.
19:41:20 - [DEBUG] - OMREngine initialized.
19:41:20 - [DEBUG] - GradeManager initialized for Test ID: 6 (Length: 200)
19:41:20 - [INFO] - Worker started. Processing 1 files...
19:41:20 - [DEBUG] - [1/1] Processing: Ngoc Nhu.png
19:41:20 - [INFO] - Processing image for warping. Input size: 1325x907
19:41:20 - [DEBUG] - Markers ordered successfully. Centers: [61 53], [1277   53], ...
19:41:20 - [INFO] - Warping completed successfully.
19:41:20 - [INFO] - OMR Success. Answers: 200 | Avg Conf: 0.93 | Min Conf: 0.78
19:41:20 - [INFO] - Grading finished. Score: 180 (LC: 85, RC: 95)
19:41:20 - [DEBUG] - Saved result image: Ngoc Nhu.png
19:41:20 - [INFO] - Worker finished. Success: 1/1. Time: 0.38s
19:41:20 - [INFO] - Answer Key found for ETS 2026 - 6
19:41:23 - [INFO] - Answer Key found for ETS 2026 - 6
19:41:23 - [DEBUG] - Loaded JSON successfully: app_config.json
19:41:51 - [DEBUG] - GradeManager initialized for Test ID: 6 (Length: 200)
19:41:51 - [INFO] - Grading finished. Score: 180 (LC: 85, RC: 95)
19:41:51 - [INFO] - Updated score for: Ngoc Nhu
19:41:53 - [INFO] - Updated Master Data: data\master.csv
19:43:46 - [INFO] - Application closed by user.
19:43:46 - [INFO] - Application Process Terminated.
20:04:09 - [INFO] - ==========================================
20:04:09 - [INFO] -    STARTING TOEIC OMR SCORING APP v2.2    
20:04:09 - [INFO] - ==========================================
20:04:10 - [DEBUG] - Loaded JSON successfully: app_config.json
20:04:10 - [DEBUG] - Loaded JSON successfully: key.json
20:04:10 - [DEBUG] - Loaded JSON successfully: scoring_ref.json
20:04:10 - [DEBUG] - FormStateManager initialized.
20:04:10 - [INFO] - UI initialized successfully. Entering main loop.
20:04:19 - [DEBUG] - User selected set: 'ETS 2026'
20:04:19 - [DEBUG] - State changed: set_name = ETS 2026
20:04:21 - [DEBUG] - State changed: test_id = 6
20:04:21 - [INFO] - Answer Key found for ETS 2026 - 6
20:04:25 - [DEBUG] - State changed: class_name = MockTest
20:04:25 - [INFO] - Answer Key found for ETS 2026 - 6
20:04:25 - [INFO] - Answer Key found for ETS 2026 - 6
20:04:25 - [INFO] - Answer Key found for ETS 2026 - 6
20:04:25 - [INFO] - Auto-set date to today: 2026-03-24
20:04:25 - [INFO] - Form validation passed. Ready to score.
20:04:25 - [INFO] - Answer Key found for ETS 2026 - 6
20:04:25 - [DEBUG] - WarpingProcessor initialized with config.
20:04:25 - [DEBUG] - OMREngine initialized.
20:04:25 - [DEBUG] - GradeManager initialized for Test ID: 6 (Length: 200)
20:04:25 - [INFO] - Worker started. Processing 1 files...
20:04:25 - [DEBUG] - [1/1] Processing: IMG_20260324_200331.jpg
20:04:25 - [INFO] - Processing image for warping. Input size: 1179x917
20:04:25 - [DEBUG] - Markers ordered successfully. Centers: [ 73 115], [1113  115], ...
20:04:25 - [INFO] - Warping completed successfully.
20:04:25 - [INFO] - OMR Success. Answers: 200 | Avg Conf: 0.97 | Min Conf: 0.88
20:04:25 - [INFO] - Grading finished. Score: 860 (LC: 445, RC: 415)
20:04:25 - [DEBUG] - Saved result image: IMG_20260324_200331.png
20:04:25 - [INFO] - Worker finished. Success: 1/1. Time: 0.24s
20:04:25 - [INFO] - Answer Key found for ETS 2026 - 6
20:04:28 - [INFO] - Updated Master Data: data\master.csv
20:04:28 - [INFO] - Answer Key found for ETS 2026 - 6
20:04:32 - [INFO] - Answer Key found for ETS 2026 - 6
21:05:37 - [INFO] - Answer Key found for ETS 2026 - 6
21:05:42 - [INFO] - Answer Key found for ETS 2026 - 6
