00:11:16 - [INFO] - ==========================================
00:11:16 - [INFO] -    STARTING TOEIC OMR SCORING APP v2.2    
00:11:16 - [INFO] - ==========================================
00:11:17 - [DEBUG] - Loaded JSON successfully: app_config.json
00:11:17 - [DEBUG] - Loaded JSON successfully: key.json
00:11:17 - [DEBUG] - Loaded JSON successfully: scoring_ref.json
00:11:17 - [DEBUG] - FormStateManager initialized.
00:11:18 - [INFO] - UI initialized successfully. Entering main loop.
00:13:04 - [DEBUG] - User selected set: 'ETS 2026'
00:13:04 - [DEBUG] - State changed: set_name = ETS 2026
00:13:06 - [DEBUG] - State changed: test_id = 1
00:13:06 - [INFO] - Answer Key found for ETS 2026 - 1
00:13:09 - [INFO] - Answer Key found for ETS 2026 - 1
00:13:20 - [INFO] - Application closed by user.
00:13:20 - [INFO] - Application Process Terminated.
00:14:38 - [INFO] - ==========================================
00:14:38 - [INFO] -    STARTING TOEIC OMR SCORING APP v2.2    
00:14:38 - [INFO] - ==========================================
00:14:38 - [DEBUG] - Loaded JSON successfully: app_config.json
00:14:38 - [DEBUG] - Loaded JSON successfully: key.json
00:14:38 - [DEBUG] - Loaded JSON successfully: scoring_ref.json
00:14:38 - [DEBUG] - FormStateManager initialized.
00:14:39 - [INFO] - UI initialized successfully. Entering main loop.
00:15:11 - [DEBUG] - User selected set: 'ETS 2026'
00:15:11 - [DEBUG] - State changed: set_name = ETS 2026
00:15:13 - [DEBUG] - State changed: test_id = 10
00:15:13 - [INFO] - Answer Key found for ETS 2026 - 10
00:15:17 - [DEBUG] - State changed: class_name = Test
00:15:17 - [INFO] - Answer Key found for ETS 2026 - 10
00:15:17 - [INFO] - Answer Key found for ETS 2026 - 10
00:15:17 - [INFO] - Answer Key found for ETS 2026 - 10
00:15:17 - [INFO] - Auto-set date to today: 2026-03-19
00:15:17 - [INFO] - Form validation passed. Ready to score.
00:15:18 - [INFO] - Answer Key found for ETS 2026 - 10
00:15:18 - [DEBUG] - WarpingProcessor initialized with config.
00:15:18 - [DEBUG] - OMREngine initialized.
00:15:18 - [DEBUG] - GradeManager initialized for Test ID: 10 (Length: 200)
00:15:18 - [INFO] - Worker started. Processing 1 files...
00:15:18 - [DEBUG] - [1/1] Processing: Nguyễn Văn Phong.jpg
00:15:18 - [INFO] - Processing image for warping. Input size: 4080x3060
00:15:18 - [DEBUG] - Markers ordered successfully. Centers: [140 332], [3914  318], ...
00:15:18 - [INFO] - Warping completed successfully.
00:15:18 - [INFO] - OMR Success. Answers: 200 | Avg Conf: 0.93 | Min Conf: 0.79
00:15:18 - [INFO] - Grading finished. Score: 945 (LC: 495, RC: 450)
00:15:18 - [DEBUG] - Saved result image: Nguyễn Văn Phong.png
00:15:18 - [INFO] - Worker finished. Success: 1/1. Time: 0.57s
00:15:18 - [INFO] - Answer Key found for ETS 2026 - 10
00:15:23 - [INFO] - Answer Key found for ETS 2026 - 10
00:15:23 - [DEBUG] - Loaded JSON successfully: app_config.json
00:15:27 - [DEBUG] - GradeManager initialized for Test ID: 10 (Length: 200)
00:15:27 - [INFO] - Grading finished. Score: 945 (LC: 495, RC: 450)
00:15:27 - [INFO] - Updated score for: Nguyễn Văn Phong
00:15:28 - [INFO] - Updated Master Data: data\master.csv
00:15:28 - [ERROR] - Không tìm thấy Template.
00:19:28 - [INFO] - Application closed by user.
00:19:28 - [INFO] - Application Process Terminated.
00:19:32 - [INFO] - ==========================================
00:19:32 - [INFO] -    STARTING TOEIC OMR SCORING APP v2.2    
00:19:32 - [INFO] - ==========================================
00:19:32 - [DEBUG] - Loaded JSON successfully: app_config.json
00:19:32 - [DEBUG] - Loaded JSON successfully: key.json
00:19:32 - [DEBUG] - Loaded JSON successfully: scoring_ref.json
00:19:32 - [DEBUG] - FormStateManager initialized.
00:19:33 - [INFO] - UI initialized successfully. Entering main loop.
00:19:39 - [DEBUG] - User selected set: 'ETS 2026'
00:19:39 - [DEBUG] - State changed: set_name = ETS 2026
00:19:40 - [DEBUG] - State changed: test_id = 10
00:19:40 - [INFO] - Answer Key found for ETS 2026 - 10
00:19:42 - [INFO] - Answer Key found for ETS 2026 - 10
00:19:46 - [DEBUG] - State changed: class_name = Test
00:19:46 - [INFO] - Answer Key found for ETS 2026 - 10
00:19:46 - [INFO] - Answer Key found for ETS 2026 - 10
00:19:46 - [INFO] - Answer Key found for ETS 2026 - 10
00:19:46 - [INFO] - Auto-set date to today: 2026-03-19
00:19:46 - [INFO] - Form validation passed. Ready to score.
00:19:46 - [INFO] - Answer Key found for ETS 2026 - 10
00:19:46 - [DEBUG] - WarpingProcessor initialized with config.
00:19:46 - [DEBUG] - OMREngine initialized.
00:19:46 - [DEBUG] - GradeManager initialized for Test ID: 10 (Length: 200)
00:19:46 - [INFO] - Worker started. Processing 1 files...
00:19:46 - [DEBUG] - [1/1] Processing: Nguyễn Văn Phong.jpg
00:19:46 - [INFO] - Processing image for warping. Input size: 4080x3060
00:19:46 - [DEBUG] - Markers ordered successfully. Centers: [140 332], [3914  318], ...
00:19:46 - [INFO] - Warping completed successfully.
00:19:46 - [INFO] - OMR Success. Answers: 200 | Avg Conf: 0.93 | Min Conf: 0.79
00:19:46 - [INFO] - Grading finished. Score: 945 (LC: 495, RC: 450)
00:19:47 - [DEBUG] - Saved result image: Nguyễn Văn Phong.png
00:19:47 - [INFO] - Worker finished. Success: 1/1. Time: 0.52s
00:19:47 - [INFO] - Answer Key found for ETS 2026 - 10
00:19:50 - [INFO] - Updated Master Data: data\master.csv
00:19:50 - [ERROR] - Không tìm thấy Template.
00:19:50 - [INFO] - Answer Key found for ETS 2026 - 10
00:19:55 - [INFO] - Answer Key found for ETS 2026 - 10
00:20:27 - [INFO] - Answer Key found for ETS 2026 - 10
00:23:17 - [INFO] - Answer Key found for ETS 2026 - 10
00:23:19 - [INFO] - Application closed by user.
00:23:19 - [INFO] - Application Process Terminated.
00:23:23 - [INFO] - ==========================================
00:23:23 - [INFO] -    STARTING TOEIC OMR SCORING APP v2.2    
00:23:23 - [INFO] - ==========================================
00:23:24 - [DEBUG] - Loaded JSON successfully: app_config.json
00:23:24 - [DEBUG] - Loaded JSON successfully: key.json
00:23:24 - [DEBUG] - Loaded JSON successfully: scoring_ref.json
00:23:24 - [DEBUG] - FormStateManager initialized.
00:23:24 - [INFO] - UI initialized successfully. Entering main loop.
00:23:31 - [DEBUG] - User selected set: 'ETS 2026'
00:23:31 - [DEBUG] - State changed: set_name = ETS 2026
00:23:33 - [DEBUG] - State changed: test_id = 10
00:23:33 - [INFO] - Answer Key found for ETS 2026 - 10
00:23:37 - [DEBUG] - State changed: class_name = te
00:23:37 - [INFO] - Answer Key found for ETS 2026 - 10
00:23:37 - [INFO] - Answer Key found for ETS 2026 - 10
00:23:37 - [INFO] - Answer Key found for ETS 2026 - 10
00:23:37 - [INFO] - Auto-set date to today: 2026-03-19
00:23:37 - [INFO] - Form validation passed. Ready to score.
00:23:37 - [INFO] - Answer Key found for ETS 2026 - 10
00:23:37 - [DEBUG] - WarpingProcessor initialized with config.
00:23:37 - [DEBUG] - OMREngine initialized.
00:23:37 - [DEBUG] - GradeManager initialized for Test ID: 10 (Length: 200)
00:23:37 - [INFO] - Worker started. Processing 1 files...
00:23:37 - [DEBUG] - [1/1] Processing: Nguyễn Văn Phong.jpg
00:23:37 - [INFO] - Processing image for warping. Input size: 4080x3060
00:23:37 - [DEBUG] - Markers ordered successfully. Centers: [140 332], [3914  318], ...
00:23:37 - [INFO] - Warping completed successfully.
00:23:37 - [INFO] - OMR Success. Answers: 200 | Avg Conf: 0.93 | Min Conf: 0.79
00:23:37 - [INFO] - Grading finished. Score: 945 (LC: 495, RC: 450)
00:23:37 - [DEBUG] - Saved result image: Nguyễn Văn Phong.png
00:23:37 - [INFO] - Worker finished. Success: 1/1. Time: 0.53s
00:23:37 - [INFO] - Answer Key found for ETS 2026 - 10
00:23:39 - [INFO] - Updated Master Data: data\master.csv
00:23:40 - [ERROR] - Không tìm thấy Template. Đang tìm tại: C:\Users\welcome\Desktop\ComputerScience\toeic_omr_app\report_template.png
00:23:40 - [INFO] - Answer Key found for ETS 2026 - 10
00:23:56 - [INFO] - Answer Key found for ETS 2026 - 10
00:24:10 - [INFO] - Answer Key found for ETS 2026 - 10
00:25:35 - [INFO] - Answer Key found for ETS 2026 - 10
00:25:36 - [INFO] - Application closed by user.
00:25:36 - [INFO] - Application Process Terminated.
00:25:40 - [INFO] - ==========================================
00:25:40 - [INFO] -    STARTING TOEIC OMR SCORING APP v2.2    
00:25:40 - [INFO] - ==========================================
00:25:40 - [DEBUG] - Loaded JSON successfully: app_config.json
00:25:40 - [DEBUG] - Loaded JSON successfully: key.json
00:25:40 - [DEBUG] - Loaded JSON successfully: scoring_ref.json
00:25:40 - [DEBUG] - FormStateManager initialized.
00:25:41 - [INFO] - UI initialized successfully. Entering main loop.
00:25:44 - [DEBUG] - User selected set: 'ETS 2026'
00:25:44 - [DEBUG] - State changed: set_name = ETS 2026
00:25:46 - [DEBUG] - State changed: test_id = 10
00:25:46 - [INFO] - Answer Key found for ETS 2026 - 10
00:25:48 - [DEBUG] - State changed: class_name = te
00:25:48 - [INFO] - Answer Key found for ETS 2026 - 10
00:25:50 - [INFO] - Answer Key found for ETS 2026 - 10
00:25:51 - [INFO] - Answer Key found for ETS 2026 - 10
00:25:51 - [INFO] - Answer Key found for ETS 2026 - 10
00:25:51 - [INFO] - Answer Key found for ETS 2026 - 10
00:25:51 - [INFO] - Auto-set date to today: 2026-03-19
00:25:51 - [INFO] - Form validation passed. Ready to score.
00:25:51 - [INFO] - Answer Key found for ETS 2026 - 10
00:25:51 - [DEBUG] - WarpingProcessor initialized with config.
00:25:51 - [DEBUG] - OMREngine initialized.
00:25:51 - [DEBUG] - GradeManager initialized for Test ID: 10 (Length: 200)
00:25:51 - [INFO] - Worker started. Processing 1 files...
00:25:51 - [DEBUG] - [1/1] Processing: Nguyễn Văn Phong.jpg
00:25:51 - [INFO] - Processing image for warping. Input size: 4080x3060
00:25:52 - [DEBUG] - Markers ordered successfully. Centers: [140 332], [3914  318], ...
00:25:52 - [INFO] - Warping completed successfully.
00:25:52 - [INFO] - OMR Success. Answers: 200 | Avg Conf: 0.93 | Min Conf: 0.79
00:25:52 - [INFO] - Grading finished. Score: 945 (LC: 495, RC: 450)
00:25:52 - [DEBUG] - Saved result image: Nguyễn Văn Phong.png
00:25:52 - [INFO] - Worker finished. Success: 1/1. Time: 0.49s
00:25:52 - [INFO] - Answer Key found for ETS 2026 - 10
00:25:54 - [INFO] - Updated Master Data: data\master.csv
00:25:54 - [INFO] - Answer Key found for ETS 2026 - 10
00:26:03 - [INFO] - Answer Key found for ETS 2026 - 10
00:28:30 - [INFO] - Answer Key found for ETS 2026 - 10
00:30:01 - [INFO] - Answer Key found for ETS 2026 - 10
00:30:03 - [INFO] - Answer Key found for ETS 2026 - 10
00:30:12 - [INFO] - Answer Key found for ETS 2026 - 10
00:30:27 - [INFO] - Answer Key found for ETS 2026 - 10
00:31:21 - [INFO] - Answer Key found for ETS 2026 - 10
00:31:26 - [INFO] - Answer Key found for ETS 2026 - 10
00:31:28 - [INFO] - Application closed by user.
00:31:28 - [INFO] - Application Process Terminated.
00:31:31 - [INFO] - ==========================================
00:31:31 - [INFO] -    STARTING TOEIC OMR SCORING APP v2.2    
00:31:31 - [INFO] - ==========================================
00:31:32 - [DEBUG] - Loaded JSON successfully: app_config.json
00:31:32 - [DEBUG] - Loaded JSON successfully: key.json
00:31:32 - [DEBUG] - Loaded JSON successfully: scoring_ref.json
00:31:32 - [DEBUG] - FormStateManager initialized.
00:31:32 - [INFO] - UI initialized successfully. Entering main loop.
00:31:36 - [DEBUG] - User selected set: 'ETS 2026'
00:31:36 - [DEBUG] - State changed: set_name = ETS 2026
00:31:37 - [DEBUG] - State changed: test_id = 10
00:31:37 - [INFO] - Answer Key found for ETS 2026 - 10
00:31:38 - [INFO] - Answer Key found for ETS 2026 - 10
00:31:41 - [DEBUG] - State changed: class_name = te
00:31:41 - [INFO] - Answer Key found for ETS 2026 - 10
00:31:44 - [INFO] - Answer Key found for ETS 2026 - 10
00:31:44 - [INFO] - Answer Key found for ETS 2026 - 10
00:31:44 - [INFO] - Answer Key found for ETS 2026 - 10
00:31:44 - [INFO] - Answer Key found for ETS 2026 - 10
00:31:44 - [INFO] - Auto-set date to today: 2026-03-19
00:31:44 - [INFO] - Form validation passed. Ready to score.
00:31:44 - [INFO] - Answer Key found for ETS 2026 - 10
00:31:44 - [DEBUG] - WarpingProcessor initialized with config.
00:31:44 - [DEBUG] - OMREngine initialized.
00:31:44 - [DEBUG] - GradeManager initialized for Test ID: 10 (Length: 200)
00:31:44 - [INFO] - Worker started. Processing 1 files...
00:31:44 - [DEBUG] - [1/1] Processing: Nguyễn Văn Phong.jpg
00:31:44 - [INFO] - Processing image for warping. Input size: 4080x3060
00:31:45 - [DEBUG] - Markers ordered successfully. Centers: [140 332], [3914  318], ...
00:31:45 - [INFO] - Warping completed successfully.
00:31:45 - [INFO] - OMR Success. Answers: 200 | Avg Conf: 0.93 | Min Conf: 0.79
00:31:45 - [INFO] - Grading finished. Score: 945 (LC: 495, RC: 450)
00:31:45 - [DEBUG] - Saved result image: Nguyễn Văn Phong.png
00:31:45 - [INFO] - Worker finished. Success: 1/1. Time: 0.51s
00:31:45 - [INFO] - Answer Key found for ETS 2026 - 10
00:31:47 - [INFO] - Updated Master Data: data\master.csv
00:31:48 - [INFO] - Answer Key found for ETS 2026 - 10
00:31:51 - [INFO] - Answer Key found for ETS 2026 - 10
00:32:19 - [INFO] - Answer Key found for ETS 2026 - 10
00:37:05 - [INFO] - Application closed by user.
00:37:05 - [INFO] - Application Process Terminated.
00:54:55 - [INFO] - ==========================================
00:54:55 - [INFO] -    STARTING TOEIC OMR SCORING APP v2.2    
00:54:55 - [INFO] - ==========================================
00:54:55 - [DEBUG] - Loaded JSON successfully: app_config.json
00:54:55 - [DEBUG] - Loaded JSON successfully: key.json
00:54:55 - [DEBUG] - Loaded JSON successfully: scoring_ref.json
00:54:55 - [DEBUG] - FormStateManager initialized.
00:54:56 - [INFO] - UI initialized successfully. Entering main loop.
00:55:02 - [DEBUG] - User selected set: 'ETS 2026'
00:55:02 - [DEBUG] - State changed: set_name = ETS 2026
00:55:05 - [DEBUG] - State changed: test_id = 10
00:55:05 - [INFO] - Answer Key found for ETS 2026 - 10
00:55:08 - [DEBUG] - State changed: class_name = te
00:55:08 - [INFO] - Answer Key found for ETS 2026 - 10
00:55:08 - [INFO] - Answer Key found for ETS 2026 - 10
00:55:08 - [INFO] - Answer Key found for ETS 2026 - 10
00:55:08 - [INFO] - Auto-set date to today: 2026-03-19
00:55:08 - [INFO] - Form validation passed. Ready to score.
00:55:08 - [INFO] - Answer Key found for ETS 2026 - 10
00:55:08 - [DEBUG] - WarpingProcessor initialized with config.
00:55:08 - [DEBUG] - OMREngine initialized.
00:55:08 - [DEBUG] - GradeManager initialized for Test ID: 10 (Length: 200)
00:55:08 - [INFO] - Worker started. Processing 1 files...
00:55:08 - [DEBUG] - [1/1] Processing: Nguyễn Văn Phong.jpg
00:55:08 - [INFO] - Processing image for warping. Input size: 4080x3060
00:55:09 - [DEBUG] - Markers ordered successfully. Centers: [140 332], [3914  318], ...
00:55:09 - [INFO] - Warping completed successfully.
00:55:09 - [INFO] - OMR Success. Answers: 200 | Avg Conf: 0.93 | Min Conf: 0.79
00:55:09 - [INFO] - Grading finished. Score: 945 (LC: 495, RC: 450)
00:55:09 - [DEBUG] - Saved result image: Nguyễn Văn Phong.png
00:55:09 - [INFO] - Worker finished. Success: 1/1. Time: 0.54s
00:55:09 - [INFO] - Answer Key found for ETS 2026 - 10
00:55:13 - [INFO] - Updated Master Data: data\master.csv
00:55:13 - [ERROR] - Lỗi Report: 'ReportGenerator' object has no attribute 'fonts'
00:55:13 - [INFO] - Answer Key found for ETS 2026 - 10
00:55:18 - [INFO] - Answer Key found for ETS 2026 - 10
00:55:45 - [INFO] - Answer Key found for ETS 2026 - 10
00:59:56 - [INFO] - Answer Key found for ETS 2026 - 10
00:59:58 - [INFO] - Application closed by user.
00:59:58 - [INFO] - Application Process Terminated.
01:00:02 - [INFO] - ==========================================
01:00:02 - [INFO] -    STARTING TOEIC OMR SCORING APP v2.2    
01:00:02 - [INFO] - ==========================================
01:00:02 - [DEBUG] - Loaded JSON successfully: app_config.json
01:00:02 - [DEBUG] - Loaded JSON successfully: key.json
01:00:02 - [DEBUG] - Loaded JSON successfully: scoring_ref.json
01:00:02 - [DEBUG] - FormStateManager initialized.
01:00:02 - [INFO] - UI initialized successfully. Entering main loop.
01:00:11 - [DEBUG] - User selected set: 'ETS 2026'
01:00:11 - [DEBUG] - State changed: set_name = ETS 2026
01:00:13 - [DEBUG] - State changed: test_id = 10
01:00:13 - [INFO] - Answer Key found for ETS 2026 - 10
01:00:17 - [DEBUG] - State changed: class_name = te
01:00:17 - [INFO] - Answer Key found for ETS 2026 - 10
01:00:17 - [INFO] - Answer Key found for ETS 2026 - 10
01:00:17 - [INFO] - Answer Key found for ETS 2026 - 10
01:00:17 - [INFO] - Auto-set date to today: 2026-03-19
01:00:17 - [INFO] - Form validation passed. Ready to score.
01:00:17 - [INFO] - Answer Key found for ETS 2026 - 10
01:00:17 - [DEBUG] - WarpingProcessor initialized with config.
01:00:17 - [DEBUG] - OMREngine initialized.
01:00:17 - [DEBUG] - GradeManager initialized for Test ID: 10 (Length: 200)
01:00:17 - [INFO] - Worker started. Processing 1 files...
01:00:17 - [DEBUG] - [1/1] Processing: Nguyễn Văn Phong.jpg
01:00:17 - [INFO] - Processing image for warping. Input size: 4080x3060
01:00:17 - [DEBUG] - Markers ordered successfully. Centers: [140 332], [3914  318], ...
01:00:17 - [INFO] - Warping completed successfully.
01:00:17 - [INFO] - OMR Success. Answers: 200 | Avg Conf: 0.93 | Min Conf: 0.79
01:00:17 - [INFO] - Grading finished. Score: 945 (LC: 495, RC: 450)
01:00:17 - [DEBUG] - Saved result image: Nguyễn Văn Phong.png
01:00:17 - [INFO] - Worker finished. Success: 1/1. Time: 0.53s
01:00:17 - [INFO] - Answer Key found for ETS 2026 - 10
01:00:20 - [INFO] - Updated Master Data: data\master.csv
01:00:20 - [INFO] - Answer Key found for ETS 2026 - 10
01:00:26 - [INFO] - Answer Key found for ETS 2026 - 10
01:05:47 - [INFO] - Answer Key found for ETS 2026 - 10
01:05:49 - [INFO] - Application closed by user.
01:05:49 - [INFO] - Application Process Terminated.
01:05:53 - [INFO] - ==========================================
01:05:53 - [INFO] -    STARTING TOEIC OMR SCORING APP v2.2    
01:05:53 - [INFO] - ==========================================
01:05:53 - [DEBUG] - Loaded JSON successfully: app_config.json
01:05:53 - [DEBUG] - Loaded JSON successfully: key.json
01:05:53 - [DEBUG] - Loaded JSON successfully: scoring_ref.json
01:05:53 - [DEBUG] - FormStateManager initialized.
01:05:53 - [INFO] - UI initialized successfully. Entering main loop.
01:05:55 - [DEBUG] - User selected set: 'ETS 2026'
01:05:55 - [DEBUG] - State changed: set_name = ETS 2026
01:05:58 - [DEBUG] - State changed: test_id = 10
01:05:58 - [INFO] - Answer Key found for ETS 2026 - 10
01:06:02 - [INFO] - Answer Key found for ETS 2026 - 10
01:06:02 - [INFO] - Answer Key found for ETS 2026 - 10
01:06:05 - [DEBUG] - State changed: class_name = te
01:06:05 - [INFO] - Answer Key found for ETS 2026 - 10
01:06:05 - [INFO] - Answer Key found for ETS 2026 - 10
01:06:05 - [INFO] - Answer Key found for ETS 2026 - 10
01:06:05 - [INFO] - Auto-set date to today: 2026-03-19
01:06:05 - [INFO] - Form validation passed. Ready to score.
01:06:05 - [INFO] - Answer Key found for ETS 2026 - 10
01:06:05 - [DEBUG] - WarpingProcessor initialized with config.
01:06:05 - [DEBUG] - OMREngine initialized.
01:06:05 - [INFO] - Answer Key found for ETS 2026 - 10
01:06:15 - [INFO] - Answer Key found for ETS 2026 - 10
01:06:21 - [INFO] - Answer Key found for ETS 2026 - 10
01:06:21 - [DEBUG] - State changed: test_date = Test Date (YYYY-MM-DD)
01:06:21 - [INFO] - Answer Key found for ETS 2026 - 10
01:06:21 - [INFO] - Answer Key found for ETS 2026 - 10
01:06:21 - [INFO] - Auto-set date to today: 2026-03-19
01:06:21 - [INFO] - Form validation passed. Ready to score.
01:06:21 - [INFO] - Answer Key found for ETS 2026 - 10
01:06:21 - [DEBUG] - WarpingProcessor initialized with config.
01:06:21 - [DEBUG] - OMREngine initialized.
01:06:21 - [INFO] - Answer Key found for ETS 2026 - 10
01:06:24 - [INFO] - Answer Key found for ETS 2026 - 10
01:06:25 - [INFO] - Application closed by user.
01:06:26 - [INFO] - Application Process Terminated.
01:06:29 - [INFO] - ==========================================
01:06:29 - [INFO] -    STARTING TOEIC OMR SCORING APP v2.2    
01:06:29 - [INFO] - ==========================================
01:06:29 - [DEBUG] - Loaded JSON successfully: app_config.json
01:06:29 - [DEBUG] - Loaded JSON successfully: key.json
01:06:29 - [DEBUG] - Loaded JSON successfully: scoring_ref.json
01:06:29 - [DEBUG] - FormStateManager initialized.
01:06:29 - [INFO] - UI initialized successfully. Entering main loop.
01:06:32 - [DEBUG] - User selected set: 'ETS 2026'
01:06:32 - [DEBUG] - State changed: set_name = ETS 2026
01:06:33 - [DEBUG] - State changed: test_id = 10
01:06:33 - [INFO] - Answer Key found for ETS 2026 - 10
01:06:34 - [INFO] - Answer Key found for ETS 2026 - 10
01:06:36 - [DEBUG] - State changed: class_name = te
01:06:36 - [INFO] - Answer Key found for ETS 2026 - 10
01:06:39 - [INFO] - Answer Key found for ETS 2026 - 10
01:06:39 - [INFO] - Answer Key found for ETS 2026 - 10
01:06:39 - [INFO] - Answer Key found for ETS 2026 - 10
01:06:39 - [INFO] - Answer Key found for ETS 2026 - 10
01:06:39 - [INFO] - Auto-set date to today: 2026-03-19
01:06:39 - [INFO] - Form validation passed. Ready to score.
01:06:39 - [INFO] - Answer Key found for ETS 2026 - 10
01:06:39 - [DEBUG] - WarpingProcessor initialized with config.
01:06:39 - [DEBUG] - OMREngine initialized.
01:06:39 - [ERROR] - Lỗi không tìm thấy config\skill_matrices\ETS 2026_10.json
01:06:39 - [DEBUG] - GradeManager initialized for Test ID: 10 (Length: 200)
01:06:39 - [INFO] - Worker started. Processing 1 files...
01:06:39 - [DEBUG] - [1/1] Processing: Nguyễn Văn Phong.jpg
01:06:40 - [INFO] - Processing image for warping. Input size: 4080x3060
01:06:40 - [DEBUG] - Markers ordered successfully. Centers: [140 332], [3914  318], ...
01:06:40 - [INFO] - Warping completed successfully.
01:06:40 - [INFO] - OMR Success. Answers: 200 | Avg Conf: 0.93 | Min Conf: 0.79
01:06:40 - [INFO] - Grading finished. Score: 945 (LC: 495, RC: 450)
01:06:40 - [DEBUG] - Saved result image: Nguyễn Văn Phong.png
01:06:40 - [INFO] - Worker finished. Success: 1/1. Time: 0.66s
01:06:40 - [INFO] - Answer Key found for ETS 2026 - 10
01:06:42 - [INFO] - Updated Master Data: data\master.csv
01:06:43 - [INFO] - Answer Key found for ETS 2026 - 10
01:06:53 - [INFO] - Answer Key found for ETS 2026 - 10
01:07:44 - [INFO] - Answer Key found for ETS 2026 - 10
01:08:12 - [INFO] - Answer Key found for ETS 2026 - 10
01:08:13 - [INFO] - Application closed by user.
01:08:13 - [INFO] - Application Process Terminated.
01:08:17 - [INFO] - ==========================================
01:08:17 - [INFO] -    STARTING TOEIC OMR SCORING APP v2.2    
01:08:17 - [INFO] - ==========================================
01:08:17 - [DEBUG] - Loaded JSON successfully: app_config.json
01:08:17 - [DEBUG] - Loaded JSON successfully: key.json
01:08:17 - [DEBUG] - Loaded JSON successfully: scoring_ref.json
01:08:17 - [DEBUG] - FormStateManager initialized.
01:08:18 - [INFO] - UI initialized successfully. Entering main loop.
01:08:20 - [DEBUG] - User selected set: 'ETS 2026'
01:08:20 - [DEBUG] - State changed: set_name = ETS 2026
01:08:22 - [DEBUG] - State changed: test_id = 10
01:08:22 - [INFO] - Answer Key found for ETS 2026 - 10
01:08:23 - [INFO] - Answer Key found for ETS 2026 - 10
01:08:25 - [DEBUG] - State changed: class_name = te
01:08:25 - [INFO] - Answer Key found for ETS 2026 - 10
01:08:25 - [INFO] - Answer Key found for ETS 2026 - 10
01:08:25 - [INFO] - Answer Key found for ETS 2026 - 10
01:08:25 - [WARNING] - Validation failed: Vui lòng tải ít nhất một file ảnh bài làm.
01:08:25 - [INFO] - Answer Key found for ETS 2026 - 10
01:08:28 - [INFO] - Answer Key found for ETS 2026 - 10
01:08:31 - [INFO] - Answer Key found for ETS 2026 - 10
01:08:32 - [INFO] - Answer Key found for ETS 2026 - 10
01:08:32 - [INFO] - Answer Key found for ETS 2026 - 10
01:08:32 - [INFO] - Answer Key found for ETS 2026 - 10
01:08:32 - [INFO] - Auto-set date to today: 2026-03-19
01:08:32 - [INFO] - Form validation passed. Ready to score.
01:08:32 - [INFO] - Answer Key found for ETS 2026 - 10
01:08:32 - [DEBUG] - WarpingProcessor initialized with config.
01:08:32 - [DEBUG] - OMREngine initialized.
01:08:32 - [DEBUG] - GradeManager initialized for Test ID: 10 (Length: 200)
01:08:32 - [INFO] - Worker started. Processing 1 files...
01:08:32 - [DEBUG] - [1/1] Processing: Nguyễn Văn Phong.jpg
01:08:32 - [INFO] - Processing image for warping. Input size: 4080x3060
01:08:32 - [DEBUG] - Markers ordered successfully. Centers: [140 332], [3914  318], ...
01:08:32 - [INFO] - Warping completed successfully.
01:08:32 - [INFO] - OMR Success. Answers: 200 | Avg Conf: 0.93 | Min Conf: 0.79
01:08:32 - [INFO] - Grading finished. Score: 945 (LC: 495, RC: 450)
01:08:32 - [DEBUG] - Saved result image: Nguyễn Văn Phong.png
01:08:32 - [INFO] - Worker finished. Success: 1/1. Time: 0.55s
01:08:32 - [INFO] - Answer Key found for ETS 2026 - 10
01:08:35 - [INFO] - Updated Master Data: data\master.csv
01:08:35 - [INFO] - Answer Key found for ETS 2026 - 10
01:08:39 - [INFO] - Answer Key found for ETS 2026 - 10
01:11:04 - [INFO] - Answer Key found for ETS 2026 - 10
01:12:50 - [INFO] - Answer Key found for ETS 2026 - 10
01:12:52 - [INFO] - Application closed by user.
01:12:52 - [INFO] - Application Process Terminated.
01:12:55 - [INFO] - ==========================================
01:12:55 - [INFO] -    STARTING TOEIC OMR SCORING APP v2.2    
01:12:55 - [INFO] - ==========================================
01:12:56 - [DEBUG] - Loaded JSON successfully: app_config.json
01:12:56 - [DEBUG] - Loaded JSON successfully: key.json
01:12:56 - [DEBUG] - Loaded JSON successfully: scoring_ref.json
01:12:56 - [DEBUG] - FormStateManager initialized.
01:12:56 - [INFO] - UI initialized successfully. Entering main loop.
01:12:59 - [DEBUG] - User selected set: 'ETS 2026'
01:12:59 - [DEBUG] - State changed: set_name = ETS 2026
01:13:01 - [DEBUG] - State changed: test_id = 10
01:13:01 - [INFO] - Answer Key found for ETS 2026 - 10
01:13:04 - [DEBUG] - State changed: class_name = te
01:13:04 - [INFO] - Answer Key found for ETS 2026 - 10
01:13:07 - [INFO] - Answer Key found for ETS 2026 - 10
01:13:07 - [INFO] - Answer Key found for ETS 2026 - 10
01:13:07 - [INFO] - Answer Key found for ETS 2026 - 10
01:13:07 - [INFO] - Answer Key found for ETS 2026 - 10
01:13:07 - [INFO] - Auto-set date to today: 2026-03-19
01:13:07 - [INFO] - Form validation passed. Ready to score.
01:13:07 - [INFO] - Answer Key found for ETS 2026 - 10
01:13:07 - [DEBUG] - WarpingProcessor initialized with config.
01:13:07 - [DEBUG] - OMREngine initialized.
01:13:07 - [DEBUG] - GradeManager initialized for Test ID: 10 (Length: 200)
01:13:07 - [INFO] - Worker started. Processing 1 files...
01:13:07 - [DEBUG] - [1/1] Processing: Nguyễn Văn Phong.jpg
01:13:08 - [INFO] - Processing image for warping. Input size: 4080x3060
01:13:08 - [DEBUG] - Markers ordered successfully. Centers: [140 332], [3914  318], ...
01:13:08 - [INFO] - Warping completed successfully.
01:13:08 - [INFO] - OMR Success. Answers: 200 | Avg Conf: 0.93 | Min Conf: 0.79
01:13:08 - [INFO] - Grading finished. Score: 945 (LC: 495, RC: 450)
01:13:08 - [DEBUG] - Saved result image: Nguyễn Văn Phong.png
01:13:08 - [INFO] - Worker finished. Success: 1/1. Time: 0.55s
01:13:08 - [INFO] - Answer Key found for ETS 2026 - 10
01:13:11 - [INFO] - Updated Master Data: data\master.csv
01:13:12 - [INFO] - Answer Key found for ETS 2026 - 10
01:13:15 - [INFO] - Answer Key found for ETS 2026 - 10
01:13:23 - [INFO] - Answer Key found for ETS 2026 - 10
01:15:23 - [INFO] - Answer Key found for ETS 2026 - 10
01:15:25 - [INFO] - Application closed by user.
01:15:25 - [INFO] - Application Process Terminated.
01:18:26 - [INFO] - ==========================================
01:18:26 - [INFO] -    STARTING TOEIC OMR SCORING APP v2.2    
01:18:26 - [INFO] - ==========================================
01:18:26 - [DEBUG] - Loaded JSON successfully: app_config.json
01:18:26 - [DEBUG] - Loaded JSON successfully: key.json
01:18:26 - [DEBUG] - Loaded JSON successfully: scoring_ref.json
01:18:26 - [DEBUG] - FormStateManager initialized.
01:18:28 - [INFO] - UI initialized successfully. Entering main loop.
