08:33:59 - [INFO] - ==========================================
08:33:59 - [INFO] -    STARTING TOEIC OMR SCORING APP v2.0    
08:33:59 - [INFO] - ==========================================
08:33:59 - [DEBUG] - Loaded JSON successfully: app_config.json
08:33:59 - [DEBUG] - Loaded JSON successfully: key.json
08:33:59 - [DEBUG] - Loaded JSON successfully: scoring_ref.json
08:33:59 - [DEBUG] - FormStateManager initialized.
08:34:00 - [INFO] - UI initialized successfully. Entering main loop.
08:34:09 - [INFO] - Application closed by user.
08:34:09 - [INFO] - Application Process Terminated.
08:56:51 - [INFO] - ==========================================
08:56:51 - [INFO] -    STARTING TOEIC OMR SCORING APP v2.0    
08:56:51 - [INFO] - ==========================================
08:56:52 - [DEBUG] - Loaded JSON successfully: app_config.json
08:56:52 - [DEBUG] - Loaded JSON successfully: key.json
08:56:52 - [DEBUG] - Loaded JSON successfully: scoring_ref.json
08:56:52 - [DEBUG] - FormStateManager initialized.
08:56:52 - [INFO] - UI initialized successfully. Entering main loop.
08:57:07 - [DEBUG] - User selected set: 'ETS 2024'
08:57:07 - [DEBUG] - State changed: set_name = ETS 2024
08:57:10 - [DEBUG] - State changed: test_id = 10
08:57:10 - [INFO] - Answer Key found for ETS 2024 - 10
08:57:30 - [INFO] - Answer Key found for ETS 2024 - 10
08:57:45 - [DEBUG] - State changed: test_date = 2025-12-19
08:57:45 - [INFO] - Answer Key found for ETS 2024 - 10
08:57:45 - [INFO] - Answer Key found for ETS 2024 - 10
08:57:45 - [INFO] - Form validation passed. Ready to score.
08:57:45 - [INFO] - Answer Key found for ETS 2024 - 10
08:57:45 - [DEBUG] - WarpingProcessor initialized with config.
08:57:45 - [DEBUG] - OMREngine initialized.
08:57:45 - [DEBUG] - GradeManager initialized for Test ID: 10 (Length: 200)
08:57:45 - [INFO] - Worker started. Processing 12 files...
08:57:45 - [DEBUG] - [1/12] Processing: Đinh Thị Vân Anh.jpg
08:57:46 - [INFO] - Processing image for warping. Input size: 4080x3060
08:57:46 - [DEBUG] - Markers ordered successfully. Centers: [170 340], [3883  345], ...
08:57:46 - [INFO] - Warping completed successfully.
08:57:46 - [INFO] - OMR Processed successfully. Extracted 200 answers.
08:57:46 - [INFO] - Grading finished. Score: 365 (LC: 200, RC: 165)
08:57:46 - [DEBUG] - Saved result image: Đinh Thị Vân Anh.png
08:57:46 - [DEBUG] - [2/12] Processing: Hoàng Anh Quý.jpg
08:57:47 - [INFO] - Processing image for warping. Input size: 4080x3060
08:57:47 - [DEBUG] - Markers ordered successfully. Centers: [184 333], [3985  361], ...
08:57:47 - [INFO] - Warping completed successfully.
08:57:47 - [INFO] - OMR Processed successfully. Extracted 200 answers.
08:57:47 - [INFO] - Grading finished. Score: 340 (LC: 155, RC: 185)
08:57:47 - [DEBUG] - Saved result image: Hoàng Anh Quý.png
08:57:47 - [DEBUG] - [3/12] Processing: Huỳnh Ngọc Bảo Châu.jpg
08:57:47 - [INFO] - Processing image for warping. Input size: 4080x3060
08:57:48 - [DEBUG] - Markers ordered successfully. Centers: [116 353], [3897  349], ...
08:57:48 - [INFO] - Warping completed successfully.
08:57:48 - [INFO] - OMR Processed successfully. Extracted 200 answers.
08:57:48 - [INFO] - Grading finished. Score: 385 (LC: 185, RC: 200)
08:57:48 - [DEBUG] - Saved result image: Huỳnh Ngọc Bảo Châu.png
08:57:48 - [DEBUG] - [4/12] Processing: Lê Thái Sơn.jpg
08:57:48 - [INFO] - Processing image for warping. Input size: 4080x3060
08:57:49 - [DEBUG] - Markers ordered successfully. Centers: [185 356], [3937  332], ...
08:57:49 - [INFO] - Warping completed successfully.
08:57:49 - [INFO] - OMR Processed successfully. Extracted 200 answers.
08:57:49 - [INFO] - Grading finished. Score: 560 (LC: 255, RC: 305)
08:57:49 - [DEBUG] - Saved result image: Lê Thái Sơn.png
08:57:49 - [DEBUG] - [5/12] Processing: Nguyễn Duy Bảo.jpg
08:57:49 - [INFO] - Processing image for warping. Input size: 4080x3060
08:57:50 - [DEBUG] - Markers ordered successfully. Centers: [160 335], [3898  354], ...
08:57:50 - [INFO] - Warping completed successfully.
08:57:50 - [INFO] - OMR Processed successfully. Extracted 200 answers.
08:57:50 - [INFO] - Grading finished. Score: 325 (LC: 180, RC: 145)
08:57:50 - [DEBUG] - Saved result image: Nguyễn Duy Bảo.png
08:57:50 - [DEBUG] - [6/12] Processing: Nguyễn Ngọc Anh Quân.jpg
08:57:50 - [INFO] - Processing image for warping. Input size: 4080x3060
08:57:51 - [DEBUG] - Markers ordered successfully. Centers: [161 340], [3897  362], ...
08:57:51 - [INFO] - Warping completed successfully.
08:57:51 - [INFO] - OMR Processed successfully. Extracted 200 answers.
08:57:51 - [INFO] - Grading finished. Score: 415 (LC: 235, RC: 180)
08:57:51 - [DEBUG] - Saved result image: Nguyễn Ngọc Anh Quân.png
08:57:51 - [DEBUG] - [7/12] Processing: Nguyễn Tấn Đạt.jpg
08:57:51 - [INFO] - Processing image for warping. Input size: 4080x3060
08:57:51 - [DEBUG] - Markers ordered successfully. Centers: [171 328], [3945  319], ...
08:57:51 - [INFO] - Warping completed successfully.
08:57:51 - [INFO] - OMR Processed successfully. Extracted 200 answers.
08:57:51 - [INFO] - Grading finished. Score: 435 (LC: 205, RC: 230)
08:57:52 - [DEBUG] - Saved result image: Nguyễn Tấn Đạt.png
08:57:52 - [DEBUG] - [8/12] Processing: Nguyễn Văn Huy.jpg
08:57:52 - [INFO] - Processing image for warping. Input size: 4080x3060
08:57:52 - [DEBUG] - Markers ordered successfully. Centers: [151 401], [3890  369], ...
08:57:52 - [INFO] - Warping completed successfully.
08:57:52 - [INFO] - OMR Processed successfully. Extracted 200 answers.
08:57:52 - [INFO] - Grading finished. Score: 330 (LC: 185, RC: 145)
08:57:52 - [DEBUG] - Saved result image: Nguyễn Văn Huy.png
08:57:52 - [DEBUG] - [9/12] Processing: Phạm Võ Văn Hảo.jpg
08:57:52 - [INFO] - Processing image for warping. Input size: 4080x3060
08:57:53 - [DEBUG] - Markers ordered successfully. Centers: [167 338], [3915  320], ...
08:57:53 - [INFO] - Warping completed successfully.
08:57:53 - [INFO] - OMR Processed successfully. Extracted 200 answers.
08:57:53 - [INFO] - Grading finished. Score: 565 (LC: 265, RC: 300)
08:57:53 - [DEBUG] - Saved result image: Phạm Võ Văn Hảo.png
08:57:53 - [DEBUG] - [10/12] Processing: Trần An Tường.jpg
08:57:53 - [INFO] - Processing image for warping. Input size: 4080x3060
08:57:54 - [DEBUG] - Markers ordered successfully. Centers: [160 317], [3921  316], ...
08:57:54 - [INFO] - Warping completed successfully.
08:57:54 - [INFO] - OMR Processed successfully. Extracted 200 answers.
08:57:54 - [INFO] - Grading finished. Score: 445 (LC: 195, RC: 250)
08:57:54 - [DEBUG] - Saved result image: Trần An Tường.png
08:57:54 - [DEBUG] - [11/12] Processing: Trần Thị Kim Chi.jpg
08:57:54 - [INFO] - Processing image for warping. Input size: 4080x3060
08:57:55 - [DEBUG] - Markers ordered successfully. Centers: [184 414], [3880  412], ...
08:57:55 - [INFO] - Warping completed successfully.
08:57:55 - [INFO] - OMR Processed successfully. Extracted 200 answers.
08:57:55 - [INFO] - Grading finished. Score: 495 (LC: 285, RC: 210)
08:57:55 - [DEBUG] - Saved result image: Trần Thị Kim Chi.png
08:57:55 - [DEBUG] - [12/12] Processing: Trần Thị Kim Vinh.jpg
08:57:55 - [INFO] - Processing image for warping. Input size: 4080x3060
08:57:56 - [DEBUG] - Markers ordered successfully. Centers: [242 387], [3927  360], ...
08:57:56 - [INFO] - Warping completed successfully.
08:57:56 - [INFO] - OMR Processed successfully. Extracted 200 answers.
08:57:56 - [INFO] - Grading finished. Score: 400 (LC: 195, RC: 205)
08:57:56 - [DEBUG] - Saved result image: Trần Thị Kim Vinh.png
08:57:56 - [INFO] - Worker finished. Success: 12/12. Time: 10.62s
08:57:56 - [INFO] - Answer Key found for ETS 2024 - 10
08:58:04 - [INFO] - Answer Key found for ETS 2024 - 10
08:58:20 - [INFO] - Answer Key found for ETS 2024 - 10
08:58:24 - [INFO] - Đã cập nhật kết quả vào: 20251219_ETS2024_10_summary.csv
09:33:39 - [INFO] - Application closed by user.
09:33:39 - [INFO] - Application Process Terminated.
17:41:11 - [INFO] - ==========================================
17:41:11 - [INFO] -    STARTING TOEIC OMR SCORING APP v2.0    
17:41:11 - [INFO] - ==========================================
17:41:11 - [DEBUG] - Loaded JSON successfully: app_config.json
17:41:11 - [DEBUG] - Loaded JSON successfully: key.json
17:41:11 - [DEBUG] - Loaded JSON successfully: scoring_ref.json
17:41:11 - [DEBUG] - FormStateManager initialized.
17:41:12 - [INFO] - UI initialized successfully. Entering main loop.
17:42:04 - [DEBUG] - User selected set: 'ETS 2024'
17:42:04 - [DEBUG] - State changed: set_name = ETS 2024
17:42:06 - [DEBUG] - State changed: test_id = 9
17:42:06 - [INFO] - Answer Key found for ETS 2024 - 9
17:42:12 - [DEBUG] - State changed: test_date = 2025-12-25
17:42:12 - [INFO] - Answer Key found for ETS 2024 - 9
17:42:12 - [INFO] - Answer Key found for ETS 2024 - 9
17:42:12 - [INFO] - Form validation passed. Ready to score.
17:42:12 - [INFO] - Answer Key found for ETS 2024 - 9
17:42:12 - [DEBUG] - WarpingProcessor initialized with config.
17:42:12 - [DEBUG] - OMREngine initialized.
17:42:12 - [DEBUG] - GradeManager initialized for Test ID: 9 (Length: 200)
17:42:12 - [INFO] - Worker started. Processing 2 files...
17:42:12 - [DEBUG] - [1/2] Processing: Lê Thái Sơn.jpg
17:42:12 - [INFO] - Processing image for warping. Input size: 4079x3059
17:42:12 - [DEBUG] - Markers ordered successfully. Centers: [172 294], [3898  296], ...
17:42:12 - [INFO] - Warping completed successfully.
17:42:12 - [INFO] - OMR Processed successfully. Extracted 200 answers.
17:42:12 - [INFO] - Grading finished. Score: 650 (LC: 370, RC: 280)
17:42:12 - [DEBUG] - Saved result image: Lê Thái Sơn.png
17:42:12 - [DEBUG] - [2/2] Processing: Nguyễn Tấn Đạt.jpg
17:42:12 - [INFO] - Processing image for warping. Input size: 4079x3059
17:42:12 - [DEBUG] - Markers ordered successfully. Centers: [121 363], [3905  403], ...
17:42:12 - [INFO] - Warping completed successfully.
17:42:12 - [INFO] - OMR Processed successfully. Extracted 200 answers.
17:42:12 - [INFO] - Grading finished. Score: 460 (LC: 250, RC: 210)
17:42:13 - [DEBUG] - Saved result image: Nguyễn Tấn Đạt.png
17:42:13 - [INFO] - Worker finished. Success: 2/2. Time: 0.95s
17:42:13 - [INFO] - Answer Key found for ETS 2024 - 9
17:42:18 - [INFO] - Answer Key found for ETS 2024 - 9
17:42:22 - [INFO] - Answer Key found for ETS 2024 - 9
17:42:23 - [INFO] - Đã cập nhật kết quả vào: 20251225_ETS2024_9_summary.csv
17:43:44 - [INFO] - Application closed by user.
17:43:44 - [INFO] - Application Process Terminated.
