23:53:58 - [INFO] - ==========================================
23:53:58 - [INFO] -    STARTING TOEIC OMR SCORING APP v2.2    
23:53:58 - [INFO] - ==========================================
23:53:58 - [DEBUG] - Loaded JSON successfully: app_config.json
23:53:58 - [DEBUG] - Loaded JSON successfully: key.json
23:53:58 - [DEBUG] - Loaded JSON successfully: scoring_ref.json
23:53:58 - [DEBUG] - FormStateManager initialized.
23:53:59 - [INFO] - UI initialized successfully. Entering main loop.
23:54:29 - [DEBUG] - User selected set: 'ETS 2024'
23:54:29 - [DEBUG] - State changed: set_name = ETS 2024
23:54:32 - [DEBUG] - State changed: test_id = 9
23:54:32 - [INFO] - Answer Key found for ETS 2024 - 9
23:54:38 - [INFO] - Answer Key found for ETS 2024 - 9
23:54:38 - [INFO] - Answer Key found for ETS 2024 - 9
23:54:38 - [INFO] - Answer Key found for ETS 2024 - 9
23:54:38 - [WARNING] - Validation failed: Vui lòng nhập Tên Lớp.
23:55:35 - [DEBUG] - State changed: test_date = 2025-12-11
23:55:35 - [INFO] - Answer Key found for ETS 2024 - 9
23:55:39 - [DEBUG] - State changed: class_name = NT400
23:55:39 - [INFO] - Answer Key found for ETS 2024 - 9
23:55:41 - [INFO] - Answer Key found for ETS 2024 - 9
23:55:41 - [DEBUG] - State changed: test_date = 2025-12-25
23:55:41 - [INFO] - Answer Key found for ETS 2024 - 9
23:55:41 - [INFO] - Answer Key found for ETS 2024 - 9
23:55:41 - [INFO] - Form validation passed. Ready to score.
23:55:42 - [INFO] - Answer Key found for ETS 2024 - 9
23:55:42 - [DEBUG] - WarpingProcessor initialized with config.
23:55:42 - [DEBUG] - OMREngine initialized.
23:55:42 - [DEBUG] - GradeManager initialized for Test ID: 9 (Length: 200)
23:55:42 - [INFO] - Worker started. Processing 14 files...
23:55:42 - [DEBUG] - [1/14] Processing: Đinh Thị Vân Anh.jpg
23:55:42 - [INFO] - Processing image for warping. Input size: 4080x3060
23:55:42 - [DEBUG] - Markers ordered successfully. Centers: [122 366], [3906  372], ...
23:55:42 - [INFO] - Warping completed successfully.
23:55:42 - [INFO] - OMR Success. Answers: 200 | Avg Conf: 0.91 | Min Conf: 0.43
23:55:42 - [INFO] - Grading finished. Score: 410 (LC: 215, RC: 195)
23:55:42 - [DEBUG] - Saved result image: Đinh Thị Vân Anh.png
23:55:42 - [DEBUG] - [2/14] Processing: Đỗ Nhật An.jpg
23:55:43 - [INFO] - Processing image for warping. Input size: 4080x3060
23:55:43 - [DEBUG] - Markers ordered successfully. Centers: [162 367], [3900  385], ...
23:55:43 - [INFO] - Warping completed successfully.
23:55:43 - [INFO] - OMR Success. Answers: 200 | Avg Conf: 0.92 | Min Conf: 0.68
23:55:43 - [INFO] - Grading finished. Score: 430 (LC: 190, RC: 240)
23:55:43 - [DEBUG] - Saved result image: Đỗ Nhật An.png
23:55:43 - [DEBUG] - [3/14] Processing: Huỳnh Ngọc Bảo Châu.jpg
23:55:43 - [INFO] - Processing image for warping. Input size: 4080x3060
23:55:43 - [DEBUG] - Markers ordered successfully. Centers: [161 427], [3913  407], ...
23:55:43 - [INFO] - Warping completed successfully.
23:55:43 - [INFO] - OMR Success. Answers: 200 | Avg Conf: 0.94 | Min Conf: 0.81
23:55:43 - [INFO] - Grading finished. Score: 465 (LC: 235, RC: 230)
23:55:43 - [DEBUG] - Saved result image: Huỳnh Ngọc Bảo Châu.png
23:55:43 - [DEBUG] - [4/14] Processing: Lê Thái Sơn.jpg
23:55:43 - [INFO] - Processing image for warping. Input size: 4079x3059
23:55:44 - [DEBUG] - Markers ordered successfully. Centers: [172 294], [3898  296], ...
23:55:44 - [INFO] - Warping completed successfully.
23:55:44 - [INFO] - OMR Success. Answers: 200 | Avg Conf: 0.93 | Min Conf: 0.82
23:55:44 - [INFO] - Grading finished. Score: 650 (LC: 370, RC: 280)
23:55:44 - [DEBUG] - Saved result image: Lê Thái Sơn.png
23:55:44 - [DEBUG] - [5/14] Processing: Lê Thị Minh Huyền.jpg
23:55:44 - [INFO] - Processing image for warping. Input size: 4080x3060
23:55:44 - [DEBUG] - Markers ordered successfully. Centers: [125 396], [3865  401], ...
23:55:44 - [INFO] - Warping completed successfully.
23:55:44 - [INFO] - OMR Success. Answers: 200 | Avg Conf: 0.90 | Min Conf: 0.67
23:55:44 - [INFO] - Grading finished. Score: 360 (LC: 200, RC: 160)
23:55:44 - [DEBUG] - Saved result image: Lê Thị Minh Huyền.png
23:55:44 - [DEBUG] - [6/14] Processing: Ngô Khải Như Ý.jpg
23:55:44 - [INFO] - Processing image for warping. Input size: 4080x3060
23:55:45 - [DEBUG] - Markers ordered successfully. Centers: [172 342], [3938  320], ...
23:55:45 - [INFO] - Warping completed successfully.
23:55:45 - [INFO] - OMR Success. Answers: 200 | Avg Conf: 0.91 | Min Conf: 0.22
23:55:45 - [INFO] - Grading finished. Score: 485 (LC: 275, RC: 210)
23:55:45 - [DEBUG] - Saved result image: Ngô Khải Như Ý.png
23:55:45 - [DEBUG] - [7/14] Processing: Nguyễn Ngọc Anh Quân.jpg
23:55:45 - [INFO] - Processing image for warping. Input size: 4080x3060
23:55:45 - [DEBUG] - Markers ordered successfully. Centers: [175 397], [3922  357], ...
23:55:45 - [INFO] - Warping completed successfully.
23:55:45 - [INFO] - OMR Success. Answers: 200 | Avg Conf: 0.91 | Min Conf: 0.73
23:55:45 - [INFO] - Grading finished. Score: 485 (LC: 250, RC: 235)
23:55:45 - [DEBUG] - Saved result image: Nguyễn Ngọc Anh Quân.png
23:55:45 - [DEBUG] - [8/14] Processing: Nguyễn Tấn Đạt.jpg
23:55:46 - [INFO] - Processing image for warping. Input size: 4079x3059
23:55:46 - [DEBUG] - Markers ordered successfully. Centers: [121 363], [3905  403], ...
23:55:46 - [INFO] - Warping completed successfully.
23:55:46 - [INFO] - OMR Success. Answers: 200 | Avg Conf: 0.91 | Min Conf: 0.77
23:55:46 - [INFO] - Grading finished. Score: 460 (LC: 250, RC: 210)
23:55:46 - [DEBUG] - Saved result image: Nguyễn Tấn Đạt.png
23:55:46 - [DEBUG] - [9/14] Processing: Nguyễn Trần Khánh Trang.jpg
23:55:46 - [INFO] - Processing image for warping. Input size: 4080x3060
23:55:46 - [DEBUG] - Markers ordered successfully. Centers: [157 293], [3913  303], ...
23:55:46 - [INFO] - Warping completed successfully.
23:55:46 - [INFO] - OMR Success. Answers: 200 | Avg Conf: 0.92 | Min Conf: 0.81
23:55:46 - [INFO] - Grading finished. Score: 370 (LC: 195, RC: 175)
23:55:46 - [DEBUG] - Saved result image: Nguyễn Trần Khánh Trang.png
23:55:46 - [DEBUG] - [10/14] Processing: Nguyễn Văn Huy.jpg
23:55:47 - [INFO] - Processing image for warping. Input size: 4080x3060
23:55:47 - [DEBUG] - Markers ordered successfully. Centers: [115 334], [3883  340], ...
23:55:47 - [INFO] - Warping completed successfully.
23:55:47 - [INFO] - OMR Success. Answers: 200 | Avg Conf: 0.91 | Min Conf: 0.68
23:55:47 - [INFO] - Grading finished. Score: 360 (LC: 205, RC: 155)
23:55:47 - [DEBUG] - Saved result image: Nguyễn Văn Huy.png
23:55:47 - [DEBUG] - [11/14] Processing: Phạm Võ Văn Hảo.jpg
23:55:47 - [INFO] - Processing image for warping. Input size: 4080x3060
23:55:48 - [DEBUG] - Markers ordered successfully. Centers: [134 472], [3876  461], ...
23:55:48 - [INFO] - Warping completed successfully.
23:55:48 - [INFO] - OMR Success. Answers: 200 | Avg Conf: 0.93 | Min Conf: 0.82
23:55:48 - [INFO] - Grading finished. Score: 540 (LC: 280, RC: 260)
23:55:48 - [DEBUG] - Saved result image: Phạm Võ Văn Hảo.png
23:55:48 - [DEBUG] - [12/14] Processing: Trần Thị Kiều My.jpg
23:55:48 - [INFO] - Processing image for warping. Input size: 4080x3060
23:55:48 - [DEBUG] - Markers ordered successfully. Centers: [201 357], [3939  383], ...
23:55:48 - [INFO] - Warping completed successfully.
23:55:48 - [INFO] - OMR Success. Answers: 200 | Avg Conf: 0.92 | Min Conf: 0.75
23:55:48 - [INFO] - Grading finished. Score: 395 (LC: 235, RC: 160)
23:55:48 - [DEBUG] - Saved result image: Trần Thị Kiều My.png
23:55:48 - [DEBUG] - [13/14] Processing: Trần Thị Kim Chi.jpg
23:55:48 - [INFO] - Processing image for warping. Input size: 4080x3060
23:55:49 - [DEBUG] - Markers ordered successfully. Centers: [173 358], [3933  368], ...
23:55:49 - [INFO] - Warping completed successfully.
23:55:49 - [INFO] - OMR Success. Answers: 200 | Avg Conf: 0.93 | Min Conf: 0.72
23:55:49 - [INFO] - Grading finished. Score: 450 (LC: 240, RC: 210)
23:55:49 - [DEBUG] - Saved result image: Trần Thị Kim Chi.png
23:55:49 - [DEBUG] - [14/14] Processing: Trần Thị Kim Vinh.jpg
23:55:49 - [INFO] - Processing image for warping. Input size: 4080x3060
23:55:49 - [DEBUG] - Markers ordered successfully. Centers: [144 331], [3937  323], ...
23:55:49 - [INFO] - Warping completed successfully.
23:55:49 - [INFO] - OMR Success. Answers: 200 | Avg Conf: 0.91 | Min Conf: 0.76
23:55:49 - [INFO] - Grading finished. Score: 435 (LC: 185, RC: 250)
23:55:49 - [DEBUG] - Saved result image: Trần Thị Kim Vinh.png
23:55:49 - [INFO] - Worker finished. Success: 14/14. Time: 7.70s
23:55:49 - [INFO] - Answer Key found for ETS 2024 - 9
23:55:54 - [INFO] - Answer Key found for ETS 2024 - 9
23:55:54 - [DEBUG] - Loaded JSON successfully: app_config.json
23:56:00 - [DEBUG] - Loaded JSON successfully: app_config.json
23:56:06 - [DEBUG] - Loaded JSON successfully: app_config.json
23:56:14 - [DEBUG] - Loaded JSON successfully: app_config.json
23:56:20 - [DEBUG] - Loaded JSON successfully: app_config.json
23:56:24 - [DEBUG] - Loaded JSON successfully: app_config.json
23:56:35 - [DEBUG] - Loaded JSON successfully: app_config.json
23:56:39 - [DEBUG] - Loaded JSON successfully: app_config.json
23:56:57 - [DEBUG] - State changed: image_files = [WindowsPath('C:/Users/welcome/Desktop/toeic_omr_app/test_case/TC_02/251225-MockTest-ETS2024-9/Đinh Thị Vân Anh.jpg'), WindowsPath('C:/Users/welcome/Desktop/toeic_omr_app/test_case/TC_02/251225-MockTest-ETS2024-9/Đỗ Nhật An.jpg'), WindowsPath('C:/Users/welcome/Desktop/toeic_omr_app/test_case/TC_02/251225-MockTest-ETS2024-9/Huỳnh Ngọc Bảo Châu.jpg'), WindowsPath('C:/Users/welcome/Desktop/toeic_omr_app/test_case/TC_02/251225-MockTest-ETS2024-9/Lê Thái Sơn.jpg'), WindowsPath('C:/Users/welcome/Desktop/toeic_omr_app/test_case/TC_02/251225-MockTest-ETS2024-9/Lê Thị Minh Huyền.jpg'), WindowsPath('C:/Users/welcome/Desktop/toeic_omr_app/test_case/TC_02/251225-MockTest-ETS2024-9/Nguyễn Ngọc Anh Quân.jpg'), WindowsPath('C:/Users/welcome/Desktop/toeic_omr_app/test_case/TC_02/251225-MockTest-ETS2024-9/Nguyễn Tấn Đạt.jpg'), WindowsPath('C:/Users/welcome/Desktop/toeic_omr_app/test_case/TC_02/251225-MockTest-ETS2024-9/Nguyễn Trần Khánh Trang.jpg'), WindowsPath('C:/Users/welcome/Desktop/toeic_omr_app/test_case/TC_02/251225-MockTest-ETS2024-9/Nguyễn Văn Huy.jpg'), WindowsPath('C:/Users/welcome/Desktop/toeic_omr_app/test_case/TC_02/251225-MockTest-ETS2024-9/Phạm Võ Văn Hảo.jpg'), WindowsPath('C:/Users/welcome/Desktop/toeic_omr_app/test_case/TC_02/251225-MockTest-ETS2024-9/Trần Thị Kiều My.jpg'), WindowsPath('C:/Users/welcome/Desktop/toeic_omr_app/test_case/TC_02/251225-MockTest-ETS2024-9/Trần Thị Kim Chi.jpg'), WindowsPath('C:/Users/welcome/Desktop/toeic_omr_app/test_case/TC_02/251225-MockTest-ETS2024-9/Trần Thị Kim Vinh.jpg')]
23:56:57 - [INFO] - Answer Key found for ETS 2024 - 9
00:04:40 - [DEBUG] - State changed: image_files = []
00:04:40 - [INFO] - Answer Key found for ETS 2024 - 9
00:04:40 - [INFO] - Answer Key found for ETS 2024 - 9
00:04:53 - [INFO] - Answer Key found for ETS 2024 - 9
00:04:56 - [INFO] - Answer Key found for ETS 2024 - 9
00:04:56 - [INFO] - Answer Key found for ETS 2024 - 9
00:04:56 - [INFO] - Answer Key found for ETS 2024 - 9
00:04:56 - [INFO] - Form validation passed. Ready to score.
00:04:56 - [INFO] - Answer Key found for ETS 2024 - 9
00:04:56 - [DEBUG] - WarpingProcessor initialized with config.
00:04:56 - [DEBUG] - OMREngine initialized.
00:04:56 - [DEBUG] - GradeManager initialized for Test ID: 9 (Length: 200)
00:04:56 - [INFO] - Worker started. Processing 3 files...
00:04:56 - [DEBUG] - [1/3] Processing: Lê Thái Sơn.jpg
00:04:56 - [INFO] - Processing image for warping. Input size: 1920x2560
00:04:56 - [DEBUG] - Markers ordered successfully. Centers: [152 138], [1641  150], ...
00:04:56 - [INFO] - Warping completed successfully.
00:04:56 - [ERROR] - Error in OMR Processing: ❌ LỖI TEMPLATE: Biên trên tìm thấy 0 bubble. YÊU CẦU 9.
00:04:56 - [ERROR] - Error processing Lê Thái Sơn.jpg: ❌ LỖI TEMPLATE: Biên trên tìm thấy 0 bubble. YÊU CẦU 9.
00:04:56 - [DEBUG] - [2/3] Processing: Nguyễn Tấn Đạt.jpg
00:04:56 - [INFO] - Processing image for warping. Input size: 2559x2046
00:04:56 - [ERROR] - Warping Failed: Found 2 markers, expected 4.
00:04:56 - [ERROR] - Error during warping process: Không tìm thấy đủ 4 điểm định vị. Chỉ tìm thấy 2 điểm.
00:04:56 - [ERROR] - Error processing Nguyễn Tấn Đạt.jpg: Không tìm thấy đủ 4 điểm định vị. Chỉ tìm thấy 2 điểm.
00:04:56 - [DEBUG] - [3/3] Processing: Trần An Tường.jpg
00:04:56 - [INFO] - Processing image for warping. Input size: 1609x1207
00:04:57 - [DEBUG] - Markers ordered successfully. Centers: [ 53 157], [1525   99], ...
00:04:57 - [INFO] - Warping completed successfully.
00:04:57 - [INFO] - OMR Success. Answers: 200 | Avg Conf: 0.76 | Min Conf: 0.07
00:04:57 - [INFO] - Grading finished. Score: 375 (LC: 145, RC: 230)
00:04:57 - [DEBUG] - Saved result image: Trần An Tường.png
00:04:57 - [INFO] - Worker finished. Success: 1/3. Time: 0.64s
00:08:35 - [DEBUG] - Loaded JSON successfully: app_config.json
00:09:44 - [INFO] - Application closed by user.
00:09:44 - [INFO] - Application Process Terminated.
