22:59:16 - [INFO] - ==========================================
22:59:16 - [INFO] -    STARTING TOEIC OMR SCORING APP v2.2    
22:59:16 - [INFO] - ==========================================
22:59:17 - [DEBUG] - Loaded JSON successfully: app_config.json
22:59:17 - [DEBUG] - Loaded JSON successfully: key.json
22:59:17 - [DEBUG] - Loaded JSON successfully: scoring_ref.json
22:59:17 - [DEBUG] - FormStateManager initialized.
22:59:18 - [INFO] - UI initialized successfully. Entering main loop.
22:59:25 - [DEBUG] - User selected set: 'ETS 2026'
22:59:25 - [DEBUG] - State changed: set_name = ETS 2026
22:59:26 - [DEBUG] - State changed: test_id = 10
22:59:26 - [INFO] - Answer Key found for ETS 2026 - 10
22:59:35 - [DEBUG] - State changed: class_name = LDNC
22:59:35 - [INFO] - Answer Key found for ETS 2026 - 10
22:59:35 - [INFO] - Answer Key found for ETS 2026 - 10
22:59:35 - [INFO] - Answer Key found for ETS 2026 - 10
22:59:35 - [INFO] - Auto-set date to today: 2026-03-10
22:59:35 - [INFO] - Form validation passed. Ready to score.
22:59:35 - [INFO] - Answer Key found for ETS 2026 - 10
22:59:35 - [DEBUG] - WarpingProcessor initialized with config.
22:59:35 - [DEBUG] - OMREngine initialized.
22:59:35 - [DEBUG] - GradeManager initialized for Test ID: 10 (Length: 200)
22:59:35 - [INFO] - Worker started. Processing 1 files...
22:59:35 - [DEBUG] - [1/1] Processing: IMG_20260310_224742.jpg
22:59:36 - [INFO] - Processing image for warping. Input size: 4080x3060
22:59:36 - [DEBUG] - Markers ordered successfully. Centers: [140 332], [3914  318], ...
22:59:36 - [INFO] - Warping completed successfully.
22:59:36 - [INFO] - OMR Success. Answers: 200 | Avg Conf: 0.93 | Min Conf: 0.79
22:59:36 - [INFO] - Grading finished. Score: 945 (LC: 495, RC: 450)
22:59:36 - [DEBUG] - Saved result image: IMG_20260310_224742.png
22:59:36 - [INFO] - Worker finished. Success: 1/1. Time: 0.36s
22:59:36 - [INFO] - Answer Key found for ETS 2026 - 10
22:59:42 - [INFO] - Answer Key found for ETS 2026 - 10
22:59:42 - [DEBUG] - Loaded JSON successfully: app_config.json
23:07:14 - [DEBUG] - GradeManager initialized for Test ID: 10 (Length: 200)
23:07:14 - [INFO] - Grading finished. Score: 945 (LC: 495, RC: 450)
23:07:14 - [INFO] - Updated score for: IMG_20260310_224742
23:10:45 - [DEBUG] - Loaded JSON successfully: app_config.json
