17:50:56 - [INFO] - ==========================================
17:50:56 - [INFO] -    STARTING TOEIC OMR SCORING APP v2.2    
17:50:56 - [INFO] - ==========================================
17:50:56 - [DEBUG] - Loaded JSON successfully: app_config.json
17:50:56 - [DEBUG] - Loaded JSON successfully: key.json
17:50:56 - [DEBUG] - Loaded JSON successfully: scoring_ref.json
17:50:56 - [DEBUG] - FormStateManager initialized.
17:50:57 - [INFO] - UI initialized successfully. Entering main loop.
17:51:15 - [DEBUG] - User selected set: 'ETS 2026'
17:51:15 - [DEBUG] - State changed: set_name = ETS 2026
17:51:18 - [DEBUG] - State changed: test_id = 10
17:51:18 - [INFO] - Answer Key found for ETS 2026 - 10
17:51:19 - [INFO] - Answer Key found for ETS 2026 - 10
17:51:19 - [DEBUG] - State changed: test_id = 6
17:51:19 - [INFO] - Answer Key found for ETS 2026 - 6
17:51:20 - [INFO] - Answer Key found for ETS 2026 - 6
17:51:24 - [DEBUG] - State changed: class_name = MockTest
17:51:24 - [INFO] - Answer Key found for ETS 2026 - 6
17:51:24 - [INFO] - Answer Key found for ETS 2026 - 6
17:51:24 - [INFO] - Answer Key found for ETS 2026 - 6
17:51:24 - [INFO] - Auto-set date to today: 2026-03-26
17:51:24 - [INFO] - Form validation passed. Ready to score.
17:51:24 - [INFO] - Answer Key found for ETS 2026 - 6
17:51:24 - [DEBUG] - WarpingProcessor initialized with config.
17:51:24 - [DEBUG] - OMREngine initialized.
17:51:24 - [DEBUG] - GradeManager initialized for Test ID: 6 (Length: 200)
17:51:24 - [INFO] - Worker started. Processing 1 files...
17:51:24 - [DEBUG] - [1/1] Processing: Huy Hoàng.jpg
17:51:24 - [INFO] - Processing image for warping. Input size: 4080x3060
17:51:24 - [DEBUG] - Markers ordered successfully. Centers: [282 302], [3829  293], ...
17:51:24 - [INFO] - Warping completed successfully.
17:51:24 - [INFO] - OMR Success. Answers: 200 | Avg Conf: 0.96 | Min Conf: 0.35
17:51:24 - [INFO] - Grading finished. Score: 520 (LC: 380, RC: 140)
17:51:24 - [DEBUG] - Saved result image: Huy Hoàng.png
17:51:24 - [INFO] - Worker finished. Success: 1/1. Time: 0.63s
17:51:24 - [INFO] - Answer Key found for ETS 2026 - 6
17:51:27 - [INFO] - Answer Key found for ETS 2026 - 6
17:51:27 - [DEBUG] - Loaded JSON successfully: app_config.json
17:51:32 - [DEBUG] - GradeManager initialized for Test ID: 6 (Length: 200)
17:51:32 - [INFO] - Grading finished. Score: 520 (LC: 380, RC: 140)
17:51:32 - [INFO] - Updated score for: Huy Hoàng
17:51:33 - [INFO] - Updated Master Data: data\master.csv
